2024-03-22 17:09:03,595 INFO Starting Nacos v1.4.1 on LAPTOP-VVQ62A0L with PID 18552 (F:\develop\nacos\target\nacos-server.jar started by Epiphany in F:\develop\nacos\bin)

2024-03-22 17:09:03,596 INFO The following profiles are active: standalone

2024-03-22 17:09:06,319 INFO Bean 'org.springframework.security.access.expression.method.DefaultMethodSecurityExpressionHandler@7eb01b12' of type [org.springframework.security.access.expression.method.DefaultMethodSecurityExpressionHandler] is not eligible for getting processed by all BeanPostProcessors (for example: not eligible for auto-proxying)

2024-03-22 17:09:06,325 INFO Bean 'methodSecurityMetadataSource' of type [org.springframework.security.access.method.DelegatingMethodSecurityMetadataSource] is not eligible for getting processed by all BeanPostProcessors (for example: not eligible for auto-proxying)

2024-03-22 17:09:06,942 INFO Tomcat initialized with port(s): 8848 (http)

2024-03-22 17:09:06,973 INFO Starting service [Tomcat]

2024-03-22 17:09:06,973 INFO Starting Servlet engine: [Apache Tomcat/9.0.38]

2024-03-22 17:09:07,141 WARN Failed to scan [jar:file:/F:/develop/nacos/target/nacos-server.jar!/BOOT-INF/lib/spring-webmvc-5.1.18.RELEASE.jar!/] from classloader hierarchy

java.io.IOException: Unable to open root Jar file 'war:file:/F:/develop/nacos/target/nacos-server.jar*/BOOT-INF/lib/spring-webmvc-5.1.18.RELEASE.jar'
	at org.springframework.boot.loader.jar.Handler.getRootJarFile(Handler.java:318)
	at org.springframework.boot.loader.jar.Handler.getRootJarFileFromUrl(Handler.java:300)
	at org.springframework.boot.loader.jar.Handler.openConnection(Handler.java:86)
	at java.base/java.net.URL.openConnection(URL.java:1094)
	at java.base/java.net.URL.openStream(URL.java:1161)
	at org.apache.tomcat.util.descriptor.tld.TldResourcePath.openStream(TldResourcePath.java:127)
	at org.apache.tomcat.util.descriptor.tld.TldParser.parse(TldParser.java:61)
	at org.apache.jasper.servlet.TldScanner.parseTld(TldScanner.java:275)
	at org.apache.jasper.servlet.TldScanner$TldScannerCallback.scan(TldScanner.java:315)
	at org.apache.tomcat.util.scan.StandardJarScanner.process(StandardJarScanner.java:387)
	at org.apache.tomcat.util.scan.StandardJarScanner.processURLs(StandardJarScanner.java:318)
	at org.apache.tomcat.util.scan.StandardJarScanner.doScanClassPath(StandardJarScanner.java:270)
	at org.apache.tomcat.util.scan.StandardJarScanner.scan(StandardJarScanner.java:233)
	at org.apache.jasper.servlet.TldScanner.scanJars(TldScanner.java:262)
	at org.apache.jasper.servlet.TldScanner.scan(TldScanner.java:104)
	at org.apache.jasper.servlet.JasperInitializer.onStartup(JasperInitializer.java:83)
	at org.apache.catalina.core.StandardContext.startInternal(StandardContext.java:5128)
	at org.apache.catalina.util.LifecycleBase.start(LifecycleBase.java:183)
	at org.apache.catalina.core.ContainerBase$StartChild.call(ContainerBase.java:1384)
	at org.apache.catalina.core.ContainerBase$StartChild.call(ContainerBase.java:1374)
	at java.base/java.util.concurrent.FutureTask.run(FutureTask.java:264)
	at org.apache.tomcat.util.threads.InlineExecutorService.execute(InlineExecutorService.java:75)
	at java.base/java.util.concurrent.AbstractExecutorService.submit(AbstractExecutorService.java:145)
	at org.apache.catalina.core.ContainerBase.startInternal(ContainerBase.java:909)
	at org.apache.catalina.core.StandardHost.startInternal(StandardHost.java:843)
	at org.apache.catalina.util.LifecycleBase.start(LifecycleBase.java:183)
	at org.apache.catalina.core.ContainerBase$StartChild.call(ContainerBase.java:1384)
	at org.apache.catalina.core.ContainerBase$StartChild.call(ContainerBase.java:1374)
	at java.base/java.util.concurrent.FutureTask.run(FutureTask.java:264)
	at org.apache.tomcat.util.threads.InlineExecutorService.execute(InlineExecutorService.java:75)
	at java.base/java.util.concurrent.AbstractExecutorService.submit(AbstractExecutorService.java:145)
	at org.apache.catalina.core.ContainerBase.startInternal(ContainerBase.java:909)
	at org.apache.catalina.core.StandardEngine.startInternal(StandardEngine.java:262)
	at org.apache.catalina.util.LifecycleBase.start(LifecycleBase.java:183)
	at org.apache.catalina.core.StandardService.startInternal(StandardService.java:421)
	at org.apache.catalina.util.LifecycleBase.start(LifecycleBase.java:183)
	at org.apache.catalina.core.StandardServer.startInternal(StandardServer.java:930)
	at org.apache.catalina.util.LifecycleBase.start(LifecycleBase.java:183)
	at org.apache.catalina.startup.Tomcat.start(Tomcat.java:486)
	at org.springframework.boot.web.embedded.tomcat.TomcatWebServer.initialize(TomcatWebServer.java:105)
	at org.springframework.boot.web.embedded.tomcat.TomcatWebServer.<init>(TomcatWebServer.java:86)
	at org.springframework.boot.web.embedded.tomcat.TomcatServletWebServerFactory.getTomcatWebServer(TomcatServletWebServerFactory.java:416)
	at org.springframework.boot.web.embedded.tomcat.TomcatServletWebServerFactory.getWebServer(TomcatServletWebServerFactory.java:180)
	at org.springframework.boot.web.servlet.context.ServletWebServerApplicationContext.createWebServer(ServletWebServerApplicationContext.java:180)
	at org.springframework.boot.web.servlet.context.ServletWebServerApplicationContext.onRefresh(ServletWebServerApplicationContext.java:153)
	at org.springframework.context.support.AbstractApplicationContext.refresh(AbstractApplicationContext.java:544)
	at org.springframework.boot.web.servlet.context.ServletWebServerApplicationContext.refresh(ServletWebServerApplicationContext.java:141)
	at org.springframework.boot.SpringApplication.refresh(SpringApplication.java:744)
	at org.springframework.boot.SpringApplication.refreshContext(SpringApplication.java:391)
	at org.springframework.boot.SpringApplication.run(SpringApplication.java:312)
	at org.springframework.boot.SpringApplication.run(SpringApplication.java:1215)
	at org.springframework.boot.SpringApplication.run(SpringApplication.java:1204)
	at com.alibaba.nacos.Nacos.main(Nacos.java:35)
	at java.base/jdk.internal.reflect.NativeMethodAccessorImpl.invoke0(Native Method)
	at java.base/jdk.internal.reflect.NativeMethodAccessorImpl.invoke(NativeMethodAccessorImpl.java:77)
	at java.base/jdk.internal.reflect.DelegatingMethodAccessorImpl.invoke(DelegatingMethodAccessorImpl.java:43)
	at java.base/java.lang.reflect.Method.invoke(Method.java:568)
	at org.springframework.boot.loader.MainMethodRunner.run(MainMethodRunner.java:49)
	at org.springframework.boot.loader.Launcher.launch(Launcher.java:107)
	at org.springframework.boot.loader.Launcher.launch(Launcher.java:58)
	at org.springframework.boot.loader.PropertiesLauncher.main(PropertiesLauncher.java:467)
Caused by: java.lang.IllegalStateException: Not a file URL
	at org.springframework.boot.loader.jar.Handler.getRootJarFile(Handler.java:306)
	... 60 common frames omitted
2024-03-22 17:09:07,256 INFO At least one JAR was scanned for TLDs yet contained no TLDs. Enable debug logging for this logger for a complete list of JARs that were scanned but no TLDs were found in them. Skipping unneeded JARs during scanning can improve startup time and JSP compilation time.

2024-03-22 17:09:07,266 INFO Initializing Spring embedded WebApplicationContext

2024-03-22 17:09:07,266 INFO Root WebApplicationContext: initialization completed in 3540 ms

2024-03-22 17:09:07,857 INFO HikariPool-1 - Starting...

2024-03-22 17:09:07,862 WARN Registered driver with driverClassName=org.apache.derby.jdbc.EmbeddedDriver was not found, trying direct instantiation.

2024-03-22 17:09:08,074 INFO HikariPool-1 - Driver does not support get/set network timeout for connections. (Feature not implemented: No details.)

2024-03-22 17:09:08,076 INFO HikariPool-1 - Start completed.

2024-03-22 17:09:08,749 INFO Nacos-related cluster resource initialization

2024-03-22 17:09:08,757 INFO The cluster resource is initialized

2024-03-22 17:09:09,175 INFO Reflections took 32 ms to scan 1 urls, producing 4 keys and 6 values 

2024-03-22 17:09:09,207 INFO Reflections took 4 ms to scan 1 urls, producing 6 keys and 26 values 

2024-03-22 17:09:09,229 INFO Reflections took 3 ms to scan 1 urls, producing 3 keys and 15 values 

2024-03-22 17:09:09,244 INFO Reflections took 2 ms to scan 1 urls, producing 2 keys and 12 values 

2024-03-22 17:09:10,936 INFO Initializing ExecutorService 'applicationTaskExecutor'

2024-03-22 17:09:11,343 INFO Adding welcome page: class path resource [static/index.html]

2024-03-22 17:09:12,453 INFO Creating filter chain: Ant [pattern='/**'], []

2024-03-22 17:09:12,496 INFO Creating filter chain: any request, [org.springframework.security.web.context.request.async.WebAsyncManagerIntegrationFilter@36ab3814, org.springframework.security.web.context.SecurityContextPersistenceFilter@35ef439e, org.springframework.security.web.header.HeaderWriterFilter@2539cd1c, org.springframework.security.web.csrf.CsrfFilter@70721c12, org.springframework.security.web.authentication.logout.LogoutFilter@32ec9c90, org.springframework.security.web.savedrequest.RequestCacheAwareFilter@7bcecef6, org.springframework.security.web.servletapi.SecurityContextHolderAwareRequestFilter@77c1e611, org.springframework.security.web.authentication.AnonymousAuthenticationFilter@2abbd0d9, org.springframework.security.web.session.SessionManagementFilter@de7e193, org.springframework.security.web.access.ExceptionTranslationFilter@610d28b8]

2024-03-22 17:09:12,691 INFO Initializing ExecutorService 'taskScheduler'

2024-03-22 17:09:12,790 INFO Exposing 2 endpoint(s) beneath base path '/actuator'

2024-03-22 17:09:12,950 INFO Tomcat started on port(s): 8848 (http) with context path '/nacos'

2024-03-22 17:09:12,954 INFO Started Nacos in 10.719 seconds (JVM running for 11.408)

2024-03-22 17:09:12,954 INFO Nacos started successfully in stand alone mode. use embedded storage

2024-03-22 17:09:17,367 INFO Initializing Spring DispatcherServlet 'dispatcherServlet'

2024-03-22 17:09:17,367 INFO Initializing Servlet 'dispatcherServlet'

2024-03-22 17:09:17,377 INFO Completed initialization in 9 ms

2024-03-22 17:19:09,519 INFO [capacityManagement] start correct usage

2024-03-22 17:19:09,566 INFO [capacityManagement] end correct usage, cost: 0s

2024-03-22 17:19:10,114 WARN clearConfigHistory start

2024-03-22 17:29:09,579 INFO [capacityManagement] start correct usage

2024-03-22 17:29:09,580 INFO [capacityManagement] end correct usage, cost: 0s

2024-03-22 17:29:10,156 WARN clearConfigHistory start

2024-03-22 17:39:09,588 INFO [capacityManagement] start correct usage

2024-03-22 17:39:09,590 INFO [capacityManagement] end correct usage, cost: 0s

2024-03-22 17:39:10,162 WARN clearConfigHistory start

2024-03-22 17:49:09,596 INFO [capacityManagement] start correct usage

2024-03-22 17:49:09,597 INFO [capacityManagement] end correct usage, cost: 0s

2024-03-22 17:49:10,174 WARN clearConfigHistory start

2024-03-22 17:59:09,610 INFO [capacityManagement] start correct usage

2024-03-22 17:59:09,613 INFO [capacityManagement] end correct usage, cost: 0s

2024-03-22 17:59:10,187 WARN clearConfigHistory start

2024-03-22 20:58:02,225 WARN clearConfigHistory start

2024-03-22 20:58:18,993 WARN HikariPool-1 - Thread starvation or clock leap detected (housekeeper delta=2h54m40s128ms835µs200ns).

2024-03-22 21:03:19,581 INFO [capacityManagement] start correct usage

2024-03-22 21:03:19,584 INFO [capacityManagement] end correct usage, cost: 0s

2024-03-22 21:08:02,230 WARN clearConfigHistory start

2024-03-22 21:13:19,586 INFO [capacityManagement] start correct usage

2024-03-22 21:13:19,590 INFO [capacityManagement] end correct usage, cost: 0s

